<?xml version="1.0" encoding="UTF-8"?>
<!-- Generated by org.testng.reporters.JUnitXMLReporter -->
<testsuite hostname="lap0002514" ignored="4" name="Test" tests="4" failures="0" timestamp="04 Mar 2020 12:28:36 GMT" time="0.081" errors="0">
  <testcase name="myTestMethod3" time="0.009" classname="com.students.tests.MyTestClass2"/>
  <testcase name="myTestMethod4" time="0.001" classname="com.students.tests.MyTestClass2"/>
  <testcase name="myTestMethod1" time="0.007" classname="com.students.tests.MyTestClass1"/>
  <testcase name="myTestMethod2" time="0.001" classname="com.students.tests.MyTestClass1"/>
  <testcase name="@BeforeSuite beforeSuite" time="0.0" classname="com.students.tests.SeleniumAbstractTest">
    <ignored/>
  </testcase> <!-- @BeforeSuite beforeSuite -->
  <testcase name="@AfterTest afterTest" time="0.0" classname="com.students.tests.SeleniumAbstractTest">
    <ignored/>
  </testcase> <!-- @AfterTest afterTest -->
  <testcase name="@BeforeTest beforeTest" time="0.0" classname="com.students.tests.SeleniumAbstractTest">
    <ignored/>
  </testcase> <!-- @BeforeTest beforeTest -->
  <testcase name="@AfterSuite afterSuite" time="0.0" classname="com.students.tests.SeleniumAbstractTest">
    <ignored/>
  </testcase> <!-- @AfterSuite afterSuite -->
</testsuite> <!-- Test -->
