<?xml version="1.0" encoding="UTF-8"?>
<testng-results skipped="0" failed="0" ignored="4" total="10" passed="6">
  <reporter-output>
  </reporter-output>
  <suite name="Suite" duration-ms="112" started-at="2020-03-04T13:36:18Z" finished-at="2020-03-04T13:36:18Z">
    <groups>
    </groups>
    <test name="Test1" duration-ms="61" started-at="2020-03-04T13:36:18Z" finished-at="2020-03-04T13:36:18Z">
      <class name="com.students.tests.MyTestClass2">
        <test-method status="PASS" signature="beforeTest()[pri:0, instance:com.students.tests.MyTestClass2@55cb6996]" name="beforeTest" is-config="true" duration-ms="0" started-at="2020-03-04T13:36:18Z" finished-at="2020-03-04T13:36:18Z">
          <reporter-output>
          </reporter-output>
        </test-method> <!-- beforeTest -->
        <test-method status="PASS" signature="myTestMethod3()[pri:0, instance:com.students.tests.MyTestClass2@55cb6996]" name="myTestMethod3" duration-ms="10" started-at="2020-03-04T13:36:18Z" finished-at="2020-03-04T13:36:18Z">
          <reporter-output>
          </reporter-output>
        </test-method> <!-- myTestMethod3 -->
        <test-method status="PASS" signature="beforeMethod()[pri:0, instance:com.students.tests.MyTestClass2@55cb6996]" name="beforeMethod" is-config="true" duration-ms="0" started-at="2020-03-04T13:36:18Z" finished-at="2020-03-04T13:36:18Z">
          <reporter-output>
          </reporter-output>
        </test-method> <!-- beforeMethod -->
        <test-method status="PASS" signature="afterMethod()[pri:0, instance:com.students.tests.MyTestClass2@55cb6996]" name="afterMethod" is-config="true" duration-ms="0" started-at="2020-03-04T13:36:18Z" finished-at="2020-03-04T13:36:18Z">
          <reporter-output>
          </reporter-output>
        </test-method> <!-- afterMethod -->
        <test-method status="PASS" signature="beforeMethod()[pri:0, instance:com.students.tests.MyTestClass2@55cb6996]" name="beforeMethod" is-config="true" duration-ms="0" started-at="2020-03-04T13:36:18Z" finished-at="2020-03-04T13:36:18Z">
          <reporter-output>
          </reporter-output>
        </test-method> <!-- beforeMethod -->
        <test-method status="PASS" signature="myTestMethod4()[pri:0, instance:com.students.tests.MyTestClass2@55cb6996]" name="myTestMethod4" duration-ms="1" started-at="2020-03-04T13:36:18Z" finished-at="2020-03-04T13:36:18Z">
          <reporter-output>
          </reporter-output>
        </test-method> <!-- myTestMethod4 -->
        <test-method status="PASS" signature="afterMethod()[pri:0, instance:com.students.tests.MyTestClass2@55cb6996]" name="afterMethod" is-config="true" duration-ms="0" started-at="2020-03-04T13:36:18Z" finished-at="2020-03-04T13:36:18Z">
          <reporter-output>
          </reporter-output>
        </test-method> <!-- afterMethod -->
        <test-method status="PASS" signature="afterTest()[pri:0, instance:com.students.tests.MyTestClass2@55cb6996]" name="afterTest" is-config="true" duration-ms="1" started-at="2020-03-04T13:36:18Z" finished-at="2020-03-04T13:36:18Z">
          <reporter-output>
          </reporter-output>
        </test-method> <!-- afterTest -->
      </class> <!-- com.students.tests.MyTestClass2 -->
    </test> <!-- Test1 -->
    <test name="Test2" duration-ms="19" started-at="2020-03-04T13:36:18Z" finished-at="2020-03-04T13:36:18Z">
      <class name="com.students.tests.MyTestClass2">
        <test-method status="PASS" signature="myTestMethod3()[pri:0, instance:com.students.tests.MyTestClass2@7eecb5b8]" name="myTestMethod3" duration-ms="1" started-at="2020-03-04T13:36:18Z" finished-at="2020-03-04T13:36:18Z">
          <reporter-output>
          </reporter-output>
        </test-method> <!-- myTestMethod3 -->
        <test-method status="PASS" signature="beforeMethod()[pri:0, instance:com.students.tests.MyTestClass2@7eecb5b8]" name="beforeMethod" is-config="true" duration-ms="0" started-at="2020-03-04T13:36:18Z" finished-at="2020-03-04T13:36:18Z">
          <reporter-output>
          </reporter-output>
        </test-method> <!-- beforeMethod -->
        <test-method status="PASS" signature="beforeMethod()[pri:0, instance:com.students.tests.MyTestClass2@7eecb5b8]" name="beforeMethod" is-config="true" duration-ms="0" started-at="2020-03-04T13:36:18Z" finished-at="2020-03-04T13:36:18Z">
          <reporter-output>
          </reporter-output>
        </test-method> <!-- beforeMethod -->
        <test-method status="PASS" signature="myTestMethod4()[pri:0, instance:com.students.tests.MyTestClass2@7eecb5b8]" name="myTestMethod4" duration-ms="2" started-at="2020-03-04T13:36:18Z" finished-at="2020-03-04T13:36:18Z">
          <reporter-output>
          </reporter-output>
        </test-method> <!-- myTestMethod4 -->
        <test-method status="PASS" signature="afterMethod()[pri:0, instance:com.students.tests.MyTestClass2@7eecb5b8]" name="afterMethod" is-config="true" duration-ms="0" started-at="2020-03-04T13:36:18Z" finished-at="2020-03-04T13:36:18Z">
          <reporter-output>
          </reporter-output>
        </test-method> <!-- afterMethod -->
        <test-method status="PASS" signature="afterMethod()[pri:0, instance:com.students.tests.MyTestClass2@7eecb5b8]" name="afterMethod" is-config="true" duration-ms="0" started-at="2020-03-04T13:36:18Z" finished-at="2020-03-04T13:36:18Z">
          <reporter-output>
          </reporter-output>
        </test-method> <!-- afterMethod -->
      </class> <!-- com.students.tests.MyTestClass2 -->
      <class name="com.students.tests.MyTestClass1">
        <test-method status="PASS" signature="beforeSuite()[pri:0, instance:com.students.tests.MyTestClass1@1500b2f3]" name="beforeSuite" is-config="true" duration-ms="29" started-at="2020-03-04T13:36:18Z" finished-at="2020-03-04T13:36:18Z">
          <reporter-output>
          </reporter-output>
        </test-method> <!-- beforeSuite -->
        <test-method status="PASS" signature="beforeTest()[pri:0, instance:com.students.tests.MyTestClass1@1500b2f3]" name="beforeTest" is-config="true" duration-ms="0" started-at="2020-03-04T13:36:18Z" finished-at="2020-03-04T13:36:18Z">
          <reporter-output>
          </reporter-output>
        </test-method> <!-- beforeTest -->
        <test-method status="PASS" signature="beforeMethod()[pri:0, instance:com.students.tests.MyTestClass1@1500b2f3]" name="beforeMethod" is-config="true" duration-ms="0" started-at="2020-03-04T13:36:18Z" finished-at="2020-03-04T13:36:18Z">
          <reporter-output>
          </reporter-output>
        </test-method> <!-- beforeMethod -->
        <test-method status="PASS" signature="myTestMethod1()[pri:0, instance:com.students.tests.MyTestClass1@1500b2f3]" name="myTestMethod1" duration-ms="2" started-at="2020-03-04T13:36:18Z" finished-at="2020-03-04T13:36:18Z">
          <reporter-output>
          </reporter-output>
        </test-method> <!-- myTestMethod1 -->
        <test-method status="PASS" signature="afterMethod()[pri:0, instance:com.students.tests.MyTestClass1@1500b2f3]" name="afterMethod" is-config="true" duration-ms="1" started-at="2020-03-04T13:36:18Z" finished-at="2020-03-04T13:36:18Z">
          <reporter-output>
          </reporter-output>
        </test-method> <!-- afterMethod -->
        <test-method status="PASS" signature="myTestMethod2()[pri:0, instance:com.students.tests.MyTestClass1@1500b2f3]" name="myTestMethod2" duration-ms="2" started-at="2020-03-04T13:36:18Z" finished-at="2020-03-04T13:36:18Z">
          <reporter-output>
          </reporter-output>
        </test-method> <!-- myTestMethod2 -->
        <test-method status="PASS" signature="beforeMethod()[pri:0, instance:com.students.tests.MyTestClass1@1500b2f3]" name="beforeMethod" is-config="true" duration-ms="0" started-at="2020-03-04T13:36:18Z" finished-at="2020-03-04T13:36:18Z">
          <reporter-output>
          </reporter-output>
        </test-method> <!-- beforeMethod -->
        <test-method status="PASS" signature="afterMethod()[pri:0, instance:com.students.tests.MyTestClass1@1500b2f3]" name="afterMethod" is-config="true" duration-ms="0" started-at="2020-03-04T13:36:18Z" finished-at="2020-03-04T13:36:18Z">
          <reporter-output>
          </reporter-output>
        </test-method> <!-- afterMethod -->
        <test-method status="PASS" signature="afterTest()[pri:0, instance:com.students.tests.MyTestClass1@1500b2f3]" name="afterTest" is-config="true" duration-ms="1" started-at="2020-03-04T13:36:18Z" finished-at="2020-03-04T13:36:18Z">
          <reporter-output>
          </reporter-output>
        </test-method> <!-- afterTest -->
        <test-method status="PASS" signature="afterSuite()[pri:0, instance:com.students.tests.MyTestClass1@1500b2f3]" name="afterSuite" is-config="true" duration-ms="1" started-at="2020-03-04T13:36:18Z" finished-at="2020-03-04T13:36:18Z">
          <reporter-output>
          </reporter-output>
        </test-method> <!-- afterSuite -->
      </class> <!-- com.students.tests.MyTestClass1 -->
    </test> <!-- Test2 -->
  </suite> <!-- Suite -->
</testng-results>
